<?xml version="1.0" encoding="UTF-8"?>
<testng-results ignored="0" total="0" passed="0" failed="0" skipped="0">
  <reporter-output>
  </reporter-output>
  <suite started-at="2022-07-27T10:06:47 EEST" name="Surefire suite" finished-at="2022-07-27T10:06:48 EEST" duration-ms="1583">
    <groups>
    </groups>
    <test started-at="2022-07-27T10:06:47 EEST" name="Surefire test" finished-at="2022-07-27T10:06:48 EEST" duration-ms="1583">
    </test> <!-- Surefire test -->
  </suite> <!-- Surefire suite -->
</testng-results>
